<?xml version="1.0" encoding="UTF-8"?>
<testsuites name="Mocha Tests" time="25.163" tests="2" failures="0">
  <testsuite name="Root Suite" timestamp="2024-04-16T15:28:36" tests="0" file="cypress\laptop\test_chrome.js" time="0.000" failures="0">
  </testsuite>
  <testsuite name="Verifier Website - Тест загрузки страницы" timestamp="2024-04-16T15:28:36" tests="2" time="25.157" failures="0">
    <testcase name="Verifier Website - Тест загрузки страницы Открыта страница сайта sqlverifier-live" time="21.825" classname="Открыта страница сайта sqlverifier-live">
    </testcase>
    <testcase name="Verifier Website - Тест загрузки страницы Авторизован под зарегистрированным пользователем" time="3.015" classname="Авторизован под зарегистрированным пользователем">
    </testcase>
  </testsuite>
</testsuites>